<?xml version="1.0" encoding="UTF-8"?>
<testng-results skipped="0" failed="0" total="1" passed="1">
  <reporter-output>
  </reporter-output>
  <suite name="softwaretestingmaterial" duration-ms="55475" started-at="2019-02-15T10:32:20Z" finished-at="2019-02-15T10:33:15Z">
    <groups>
      <group name="cucumber">
        <method signature="AbstractTestNGCucumberTests.feature(cucumber.api.testng.CucumberFeatureWrapper)[pri:0, instance:runner.toolsQaRunner@3fb6a447]" name="feature" class="cucumber.api.testng.AbstractTestNGCucumberTests"/>
      </group> <!-- cucumber -->
    </groups>
    <test name="testngTest" duration-ms="55475" started-at="2019-02-15T10:32:20Z" finished-at="2019-02-15T10:33:15Z">
      <class name="runner.toolsQaRunner">
        <test-method status="PASS" signature="setUpClass()[pri:0, instance:runner.toolsQaRunner@3fb6a447]" name="setUpClass" is-config="true" duration-ms="2184" started-at="2019-02-15T18:32:20Z" finished-at="2019-02-15T18:32:22Z">
          <reporter-output>
          </reporter-output>
        </test-method> <!-- setUpClass -->
        <test-method status="PASS" signature="feature(cucumber.api.testng.CucumberFeatureWrapper)[pri:0, instance:runner.toolsQaRunner@3fb6a447]" name="feature" duration-ms="52528" started-at="2019-02-15T18:32:23Z" description="Runs Cucumber Feature" data-provider="features" finished-at="2019-02-15T18:33:15Z">
          <params>
            <param index="0">
              <value>
                <![CDATA[ToolsQa]]>
              </value>
            </param>
          </params>
          <reporter-output>
          </reporter-output>
        </test-method> <!-- feature -->
        <test-method status="PASS" signature="tearDownClass()[pri:0, instance:runner.toolsQaRunner@3fb6a447]" name="tearDownClass" is-config="true" duration-ms="145" started-at="2019-02-15T18:33:15Z" finished-at="2019-02-15T18:33:15Z">
          <reporter-output>
          </reporter-output>
        </test-method> <!-- tearDownClass -->
      </class> <!-- runner.toolsQaRunner -->
    </test> <!-- testngTest -->
  </suite> <!-- softwaretestingmaterial -->
</testng-results>
